#
# A fatal error has been detected by the Java Runtime Environment:
#
#  EXCEPTION_ACCESS_VIOLATION (0xc0000005) at pc=0x656f0c69, pid=6128, tid=8900
#
# JRE version: Java(TM) SE Runtime Environment (7.0_45-b18) (build 1.7.0_45-b18)
# Java VM: Java HotSpot(TM) Client VM (24.45-b08 mixed mode windows-x86 )
# Problematic frame:
# V  [jvm.dll+0x270c69]
#
# Failed to write core dump. Minidumps are not enabled by default on client versions of Windows
#
# If you would like to submit a bug report, please visit:
#   http://bugreport.sun.com/bugreport/crash.jsp
#

---------------  T H R E A D  ---------------

Current thread (0x04ea0000):  JavaThread "C1 CompilerThread0" daemon [_thread_in_native, id=8900, stack(0x057b0000,0x05800000)]

siginfo: ExceptionCode=0xc0000005, reading address 0x00000038

Registers:
EAX=0x00000000, EBX=0x057ff1f8, ECX=0x057ff1f8, EDX=0x656e56d0
ESP=0x057ff178, EBP=0x057ff184, ESI=0xffffffff, EDI=0x04ebe8c0
EIP=0x656f0c69, EFLAGS=0x00010296

Top of Stack: (sp=0x057ff178)
0x057ff178:   00000000 057ff1f8 04ebe758 057ff1a0
0x057ff188:   656f0c63 057ff1d4 00000000 00000000
0x057ff198:   057ff1f8 04ebeec8 057ff1bc 656f0c96
0x057ff1a8:   057ff1d4 04ebee48 00000003 00000000
0x057ff1b8:   04ebeec8 057ff1dc 656f11ab 057ff1d4
0x057ff1c8:   04ebf028 ffffffff 04ebeec8 00000003
0x057ff1d8:   04ebf100 057ff200 656e57a0 057ff1f8
0x057ff1e8:   057ff2c0 00000000 057ff2c0 057ff2a4 

Instructions: (pc=0x656f0c69)
0x656f0c49:   8d a4 24 00 00 00 00 8b 4d 08 8b 97 90 00 00 00
0x656f0c59:   53 51 8b 0c b2 e8 ad ff ff ff 4e 79 ea 8b 45 0c
0x656f0c69:   8b 40 38 85 c0 74 04 8b 00 eb 02 33 c0 8d 70 ff
0x656f0c79:   85 f6 78 1c 8d 49 00 8b 55 0c 8b 4d 08 8b 42 38 


Register to memory mapping:

EAX=0x00000000 is an unknown value
EBX=0x057ff1f8 is pointing into the stack for thread: 0x04ea0000
ECX=0x057ff1f8 is pointing into the stack for thread: 0x04ea0000
EDX=0x656e56d0 is an unknown value
ESP=0x057ff178 is pointing into the stack for thread: 0x04ea0000
EBP=0x057ff184 is pointing into the stack for thread: 0x04ea0000
ESI=0xffffffff is an unknown value
EDI=0x04ebe8c0 is an unknown value


Stack: [0x057b0000,0x05800000],  sp=0x057ff178,  free space=316k
Native frames: (J=compiled Java code, j=interpreted, Vv=VM code, C=native code)
V  [jvm.dll+0x270c69]
V  [jvm.dll+0x270c63]
V  [jvm.dll+0x270c96]
V  [jvm.dll+0x2711ab]
V  [jvm.dll+0x2657a0]
V  [jvm.dll+0x26f33d]
V  [jvm.dll+0x272d7d]
V  [jvm.dll+0x272ecb]
V  [jvm.dll+0x261452]
V  [jvm.dll+0x261c5b]
V  [jvm.dll+0x261daa]
V  [jvm.dll+0x261f0c]
V  [jvm.dll+0x2621a6]
V  [jvm.dll+0x5ed19]
V  [jvm.dll+0x5f31d]
V  [jvm.dll+0x16042c]
V  [jvm.dll+0x160e67]
V  [jvm.dll+0x1a49f9]
C  [msvcr100.dll+0x5c556]
C  [msvcr100.dll+0x5c600]
C  [KERNEL32.DLL+0x2850d]
C  [ntdll.dll+0x5bf39]
C  [ntdll.dll+0x5bf0c]


Current CompileTask:
C1:   3360  130   !         java.lang.ref.Reference::get (30 bytes)


---------------  P R O C E S S  ---------------

Java Threads: ( => current thread )
  0x04ea1000 JavaThread "Service Thread" daemon [_thread_blocked, id=8924, stack(0x05840000,0x05890000)]
=>0x04ea0000 JavaThread "C1 CompilerThread0" daemon [_thread_in_native, id=8900, stack(0x057b0000,0x05800000)]
  0x04e2bc00 JavaThread "*** Profiler Agent Special Execution Thread 6" daemon [_thread_blocked, id=7264, stack(0x05490000,0x054e0000)]
  0x04e28800 JavaThread "*** JFluid Monitor thread ***" daemon [_thread_blocked, id=9196, stack(0x05400000,0x05450000)]
  0x04db0000 JavaThread "*** Profiler Agent Communication Thread" daemon [_thread_in_native, id=9212, stack(0x05090000,0x050e0000)]
  0x04d3a400 JavaThread "Attach Listener" daemon [_thread_blocked, id=8256, stack(0x05000000,0x05050000)]
  0x04d38400 JavaThread "Signal Dispatcher" daemon [_thread_blocked, id=7748, stack(0x04f70000,0x04fc0000)]
  0x02a9b800 JavaThread "Finalizer" daemon [_thread_blocked, id=5948, stack(0x04ce0000,0x04d30000)]
  0x02a94000 JavaThread "Reference Handler" daemon [_thread_blocked, id=8856, stack(0x04c50000,0x04ca0000)]
  0x0290c800 JavaThread "main" [_thread_blocked, id=6592, stack(0x01190000,0x011e0000)]

Other Threads:
  0x02a91000 VMThread [stack: 0x04bc0000,0x04c10000] [id=1728]
  0x04e9ec00 WatcherThread [stack: 0x05720000,0x05770000] [id=7768]

VM state:not at safepoint (normal execution)

VM Mutex/Monitor currently owned by a thread: None

Heap
 def new generation   total 4928K, used 3317K [0x10010000, 0x10560000, 0x15560000)
  eden space 4416K,  63% used [0x10010000, 0x102cd558, 0x10460000)
  from space 512K, 100% used [0x10460000, 0x104e0000, 0x104e0000)
  to   space 512K,   0% used [0x104e0000, 0x104e0000, 0x10560000)
 tenured generation   total 10944K, used 2726K [0x15560000, 0x16010000, 0x20010000)
   the space 10944K,  24% used [0x15560000, 0x15809b98, 0x15809c00, 0x16010000)
 compacting perm gen  total 14848K, used 14780K [0x20010000, 0x20e90000, 0x24010000)
   the space 14848K,  99% used [0x20010000, 0x20e7f268, 0x20e7f400, 0x20e90000)
No shared spaces configured.

Card table byte_map: [0x04aa0000,0x04b50000] byte_map_base: 0x04a1ff80

Polling page: 0x00ee0000

Code Cache  [0x02aa0000, 0x02b68000, 0x04aa0000)
 total_blobs=270 nmethods=110 adapters=97 free_code_cache=31988Kb largest_free_block=32749696

Compilation events (10 events):
Event: 3.163 Thread 0x04ea0000 nmethod 124 0x02b63748 code [0x02b63890, 0x02b63a8c]
Event: 3.194 Thread 0x04ea0000  125             java.lang.ThreadLocal$ThreadLocalMap::getEntry (42 bytes)
Event: 3.194 Thread 0x04ea0000 nmethod 125 0x02b63e48 code [0x02b63f50, 0x02b6403c]
Event: 3.200 Thread 0x04ea0000  126             java.io.ObjectInputStream$BlockDataInputStream::read (138 bytes)
Event: 3.200 Thread 0x04ea0000 nmethod 126 0x02b64148 code [0x02b642a0, 0x02b645b4]
Event: 3.244 Thread 0x04ea0000  127             java.io.Bits::putInt (36 bytes)
Event: 3.244 Thread 0x04ea0000 nmethod 127 0x02b3d188 code [0x02b3d280, 0x02b3d370]
Event: 3.249 Thread 0x04ea0000  128   !         sun.reflect.GeneratedMethodAccessor1::invoke (65 bytes)
Event: 3.250 Thread 0x04ea0000 nmethod 128 0x02b3c308 code [0x02b3c460, 0x02b3c788]
Event: 3.352 Thread 0x04ea0000  130   !         java.lang.ref.Reference::get (30 bytes)

GC Heap History (4 events):
Event: 1.608 GC heap before
{Heap before GC invocations=0 (full 0):
 def new generation   total 4928K, used 4416K [0x10010000, 0x10560000, 0x15560000)
  eden space 4416K, 100% used [0x10010000, 0x10460000, 0x10460000)
  from space 512K,   0% used [0x10460000, 0x10460000, 0x104e0000)
  to   space 512K,   0% used [0x104e0000, 0x104e0000, 0x10560000)
 tenured generation   total 10944K, used 0K [0x15560000, 0x16010000, 0x20010000)
   the space 10944K,   0% used [0x15560000, 0x15560000, 0x15560200, 0x16010000)
 compacting perm gen  total 12288K, used 4025K [0x20010000, 0x20c10000, 0x24010000)
   the space 12288K,  32% used [0x20010000, 0x203fe498, 0x203fe600, 0x20c10000)
No shared spaces configured.
Event: 1.614 GC heap after
Heap after GC invocations=1 (full 0):
 def new generation   total 4928K, used 512K [0x10010000, 0x10560000, 0x15560000)
  eden space 4416K,   0% used [0x10010000, 0x10010000, 0x10460000)
  from space 512K, 100% used [0x104e0000, 0x10560000, 0x10560000)
  to   space 512K,   0% used [0x10460000, 0x10460000, 0x104e0000)
 tenured generation   total 10944K, used 1959K [0x15560000, 0x16010000, 0x20010000)
   the space 10944K,  17% used [0x15560000, 0x15749e58, 0x1574a000, 0x16010000)
 compacting perm gen  total 12288K, used 4025K [0x20010000, 0x20c10000, 0x24010000)
   the space 12288K,  32% used [0x20010000, 0x203fe498, 0x203fe600, 0x20c10000)
No shared spaces configured.
}
Event: 2.337 GC heap before
{Heap before GC invocations=1 (full 0):
 def new generation   total 4928K, used 4928K [0x10010000, 0x10560000, 0x15560000)
  eden space 4416K, 100% used [0x10010000, 0x10460000, 0x10460000)
  from space 512K, 100% used [0x104e0000, 0x10560000, 0x10560000)
  to   space 512K,   0% used [0x10460000, 0x10460000, 0x104e0000)
 tenured generation   total 10944K, used 1959K [0x15560000, 0x16010000, 0x20010000)
   the space 10944K,  17% used [0x15560000, 0x15749e58, 0x1574a000, 0x16010000)
 compacting perm gen  total 12288K, used 10625K [0x20010000, 0x20c10000, 0x24010000)
   the space 12288K,  86% used [0x20010000, 0x20a707e8, 0x20a70800, 0x20c10000)
No shared spaces configured.
Event: 2.343 GC heap after
Heap after GC invocations=2 (full 0):
 def new generation   total 4928K, used 512K [0x10010000, 0x10560000, 0x15560000)
  eden space 4416K,   0% used [0x10010000, 0x10010000, 0x10460000)
  from space 512K, 100% used [0x10460000, 0x104e0000, 0x104e0000)
  to   space 512K,   0% used [0x104e0000, 0x104e0000, 0x10560000)
 tenured generation   total 10944K, used 2726K [0x15560000, 0x16010000, 0x20010000)
   the space 10944K,  24% used [0x15560000, 0x15809b98, 0x15809c00, 0x16010000)
 compacting perm gen  total 12288K, used 10625K [0x20010000, 0x20c10000, 0x24010000)
   the space 12288K,  86% used [0x20010000, 0x20a707e8, 0x20a70800, 0x20c10000)
No shared spaces configured.
}

Deoptimization events (0 events):
No events

Internal exceptions (10 events):
Event: 2.781 Thread 0x0290c800 Threw 0x1019c780 at C:\re\jdk7u45\229\hotspot\src\share\vm\prims\jvm.cpp:1244
Event: 2.796 Thread 0x0290c800 Threw 0x101a0de8 at C:\re\jdk7u45\229\hotspot\src\share\vm\prims\jvm.cpp:1244
Event: 2.798 Thread 0x0290c800 Threw 0x101b30b0 at C:\re\jdk7u45\229\hotspot\src\share\vm\prims\jvm.cpp:1244
Event: 2.806 Thread 0x0290c800 Threw 0x101b3300 at C:\re\jdk7u45\229\hotspot\src\share\vm\classfile\systemDictionary.cpp:174
Event: 2.838 Thread 0x0290c800 Threw 0x101b59e8 at C:\re\jdk7u45\229\hotspot\src\share\vm\prims\jvm.cpp:1244
Event: 2.839 Thread 0x0290c800 Threw 0x101b7640 at C:\re\jdk7u45\229\hotspot\src\share\vm\prims\jvm.cpp:1244
Event: 2.840 Thread 0x0290c800 Threw 0x101b9890 at C:\re\jdk7u45\229\hotspot\src\share\vm\prims\jvm.cpp:1244
Event: 2.840 Thread 0x0290c800 Threw 0x101b9a18 at C:\re\jdk7u45\229\hotspot\src\share\vm\classfile\systemDictionary.cpp:174
Event: 2.840 Thread 0x0290c800 Threw 0x101b9a18 at C:\re\jdk7u45\229\hotspot\src\share\vm\prims\jvm.cpp:1248
Event: 2.844 Thread 0x0290c800 Threw 0x101ba128 at C:\re\jdk7u45\229\hotspot\src\share\vm\prims\jvm.cpp:1244

Events (10 events):
Event: 3.342 loading class 0x04eefec0
Event: 3.342 loading class 0x04eefec0 done
Event: 3.345 Executing VM operation: RedefineClasses
Event: 3.347 Executing VM operation: RedefineClasses done
Event: 3.347 loading class 0x04ef0060
Event: 3.347 loading class 0x04ef0060 done
Event: 3.349 Executing VM operation: RedefineClasses
Event: 3.351 Executing VM operation: RedefineClasses done
Event: 3.352 loading class 0x04ef0008
Event: 3.352 loading class 0x04ef0008 done


Dynamic libraries:
0x00270000 - 0x0029f000 	C:\Program Files (x86)\Java\jdk1.7.0_45\jre\bin\java.exe
0x77e80000 - 0x77fd7000 	C:\Windows\SYSTEM32\ntdll.dll
0x75bc0000 - 0x75cf0000 	C:\Windows\SYSTEM32\KERNEL32.DLL
0x773f0000 - 0x77496000 	C:\Windows\SYSTEM32\KERNELBASE.dll
0x736d0000 - 0x73777000 	C:\Windows\system32\apphelp.dll
0x774a0000 - 0x7754e000 	C:\Windows\SYSTEM32\ADVAPI32.dll
0x775c0000 - 0x776d6000 	C:\Windows\SYSTEM32\USER32.dll
0x74100000 - 0x742f8000 	C:\Windows\WinSxS\x86_microsoft.windows.common-controls_6595b64144ccf1df_6.0.9200.16579_none_8937eec6860750f5\COMCTL32.dll
0x77d00000 - 0x77db1000 	C:\Windows\SYSTEM32\msvcrt.dll
0x76e70000 - 0x76ea4000 	C:\Windows\SYSTEM32\sechost.dll
0x75720000 - 0x757cc000 	C:\Windows\SYSTEM32\RPCRT4.dll
0x77bc0000 - 0x77cbd000 	C:\Windows\SYSTEM32\GDI32.dll
0x754b0000 - 0x754cc000 	C:\Windows\SYSTEM32\SspiCli.dll
0x754a0000 - 0x754a9000 	C:\Windows\SYSTEM32\CRYPTBASE.dll
0x75440000 - 0x75491000 	C:\Windows\SYSTEM32\bcryptPrimitives.dll
0x75ba0000 - 0x75bc0000 	C:\Windows\system32\IMM32.DLL
0x771e0000 - 0x772be000 	C:\Windows\SYSTEM32\MSCTF.dll
0x69990000 - 0x69a4f000 	C:\Program Files (x86)\Java\jdk1.7.0_45\jre\bin\msvcr100.dll
0x65480000 - 0x65800000 	C:\Program Files (x86)\Java\jdk1.7.0_45\jre\bin\client\jvm.dll
0x74f30000 - 0x74f38000 	C:\Windows\SYSTEM32\WSOCK32.dll
0x74f00000 - 0x74f21000 	C:\Windows\SYSTEM32\WINMM.dll
0x76fd0000 - 0x76fd6000 	C:\Windows\SYSTEM32\PSAPI.DLL
0x75cf0000 - 0x75d40000 	C:\Windows\SYSTEM32\WS2_32.dll
0x74ed0000 - 0x74efb000 	C:\Windows\SYSTEM32\WINMMBASE.dll
0x75610000 - 0x75618000 	C:\Windows\SYSTEM32\NSI.dll
0x756b0000 - 0x756f6000 	C:\Windows\SYSTEM32\cfgmgr32.dll
0x754d0000 - 0x754ee000 	C:\Windows\SYSTEM32\DEVOBJ.dll
0x72dc0000 - 0x72dcc000 	C:\Program Files (x86)\Java\jdk1.7.0_45\jre\bin\verify.dll
0x6f450000 - 0x6f470000 	C:\Program Files (x86)\Java\jdk1.7.0_45\jre\bin\java.dll
0x10000000 - 0x1000b000 	C:\Program Files (x86)\NetBeans 7.4\profiler\lib\deployed\jdk16\windows\profilerinterface.dll
0x6c3d0000 - 0x6c3e3000 	C:\Program Files (x86)\Java\jdk1.7.0_45\jre\bin\zip.dll
0x6c3b0000 - 0x6c3c4000 	C:\Program Files (x86)\Java\jdk1.7.0_45\jre\bin\net.dll
0x74d50000 - 0x74d9a000 	C:\Windows\system32\mswsock.dll
0x6f440000 - 0x6f44f000 	C:\Program Files (x86)\Java\jdk1.7.0_45\jre\bin\nio.dll
0x6ef30000 - 0x6ef3a000 	C:\Program Files (x86)\Java\jdk1.7.0_45\jre\bin\management.dll
0x74930000 - 0x7494a000 	C:\Windows\SYSTEM32\CRYPTSP.dll
0x748f0000 - 0x7492e000 	C:\Windows\system32\rsaenh.dll
0x74dd0000 - 0x74deb000 	C:\Windows\SYSTEM32\USERENV.dll
0x74e30000 - 0x74e41000 	C:\Windows\SYSTEM32\profapi.dll
0x72f30000 - 0x72f40000 	C:\Windows\system32\napinsp.dll
0x72de0000 - 0x72df4000 	C:\Windows\system32\pnrpnsp.dll
0x73f00000 - 0x73f10000 	C:\Windows\system32\NLAapi.dll
0x745b0000 - 0x74625000 	C:\Windows\SYSTEM32\DNSAPI.dll
0x72dd0000 - 0x72dd9000 	C:\Windows\System32\winrnr.dll
0x6f220000 - 0x6f230000 	C:\Windows\system32\wshbth.dll
0x74580000 - 0x745a1000 	C:\Program Files (x86)\Bonjour\mdnsNSP.dll
0x749c0000 - 0x749e0000 	C:\Windows\SYSTEM32\Iphlpapi.DLL
0x747a0000 - 0x747a8000 	C:\Windows\SYSTEM32\WINNSI.DLL
0x74570000 - 0x74577000 	C:\Windows\System32\rasadhlp.dll
0x74530000 - 0x7456f000 	C:\Windows\System32\fwpuclnt.dll
0x711e0000 - 0x71309000 	C:\Windows\SYSTEM32\dbghelp.dll

VM Arguments:
jvm_args: -Dfile.encoding=UTF-8 -agentpath:C:/Program Files (x86)/NetBeans 7.4/profiler/lib/deployed/jdk16/windows/profilerinterface.dll=C:\Program Files (x86)\NetBeans 7.4\profiler\lib,5140,10 -XX:+HeapDumpOnOutOfMemoryError -XX:HeapDumpPath=C:\Users\User\Desktop\Projects\AgentZero\trunk\AZAlgorithmsPackage\nbproject\private\profiler 
java_command: bgu.dcr.az.algos.tests.Test
Launcher Type: SUN_STANDARD

Environment Variables:
PATH=c:\Program Files (x86)\AMD APP\bin\x86_64;c:\Program Files (x86)\AMD APP\bin\x86;c:\Program Files (x86)\Intel\iCLS Client\;c:\Program Files\Intel\iCLS Client\;C:\Windows\system32;C:\Windows;C:\Windows\System32\Wbem;C:\Windows\System32\WindowsPowerShell\v1.0\;C:\Program Files\Intel\Intel(R) Management Engine Components\DAL;C:\Program Files\Intel\Intel(R) Management Engine Components\IPT;C:\Program Files (x86)\Intel\Intel(R) Management Engine Components\DAL;C:\Program Files (x86)\Intel\Intel(R) Management Engine Components\IPT;c:\Program Files (x86)\ATI Technologies\ATI.ACE\Core-Static;C:\Program Files (x86)\Windows Live\Shared;C:\Program Files\Intel\WiFi\bin\;C:\Program Files\Common Files\Intel\WirelessCommon\;C:\Program Files\TortoiseSVN\bin;C:\Program Files\MiKTeX 2.9\miktex\bin\x64\
USERNAME=User
OS=Windows_NT
PROCESSOR_IDENTIFIER=Intel64 Family 6 Model 58 Stepping 9, GenuineIntel



---------------  S Y S T E M  ---------------

OS: Windows 8 , 64 bit Build 9200 

CPU:total 8 (4 cores per cpu, 2 threads per core) family 6 model 58 stepping 9, cmov, cx8, fxsr, mmx, sse, sse2, sse3, ssse3, sse4.1, sse4.2, popcnt, avx, aes, erms, ht, tsc, tscinvbit, tscinv

Memory: 4k page, physical 16643348k(11352772k free), swap 19002644k(12590584k free)

vm_info: Java HotSpot(TM) Client VM (24.45-b08) for windows-x86 JRE (1.7.0_45-b18), built on Oct  8 2013 06:02:43 by "java_re" with unknown MS VC++:1600

time: Sat Jan 25 15:00:21 2014
elapsed time: 3 seconds

