------------------------------------------------------------------------------------------------------------------------

[2012-07-31 01:08:57 #1 store] 
Database 'C:\az\azlab.tmp' is opened by 5664@Inka-PC

[2012-07-31 01:08:57 #2 type] 
Type bgu.dcr.az.db.ent.User is not enhanced.

------------------------------------------------------------------------------------------------------------------------

[2012-07-31 01:12:29 #1 store] 
Database 'C:\az\azlab.tmp' is opened by 7948@Inka-PC

[2012-07-31 01:12:29 #2 type] 
Type bgu.dcr.az.db.ent.User is not enhanced.

------------------------------------------------------------------------------------------------------------------------

[2012-07-31 01:14:17 #1 store] 
Database 'C:\az\azlab.tmp' is opened by 7372@Inka-PC

[2012-07-31 01:14:17 #2 type] 
Type bgu.dcr.az.db.ent.User is not enhanced.

------------------------------------------------------------------------------------------------------------------------

[2012-07-31 01:17:40 #1 store] 
Database 'C:\az\azlab.tmp' is opened by 6272@Inka-PC

[2012-07-31 01:17:40 #2 type] 
Type bgu.dcr.az.db.ent.User is not enhanced.

------------------------------------------------------------------------------------------------------------------------

[2012-07-31 10:50:14 #1 store] 
Database 'C:\az\azlab.tmp' is opened by 7212@Inka-PC

[2012-07-31 10:50:14 #2 type] 
Type bgu.dcr.az.db.ent.User is not enhanced.

------------------------------------------------------------------------------------------------------------------------

[2012-07-31 11:04:44 #1 store] 
Database 'C:\az\azlab.tmp' is opened by 8328@Inka-PC

[2012-07-31 11:04:45 #2 type] 
Type bgu.dcr.az.db.ent.User is not enhanced.

------------------------------------------------------------------------------------------------------------------------

[2012-07-31 11:06:55 #1 store] 
Database 'C:\az\azlab.tmp' is opened by 8308@Inka-PC

[2012-07-31 11:06:55 #2 type] 
Type bgu.dcr.az.db.ent.User is not enhanced.

------------------------------------------------------------------------------------------------------------------------

[2012-07-31 11:35:54 #1 store] 
Database 'C:\az\azlab.tmp' is opened by 6644@Inka-PC

[2012-07-31 11:35:54 #2 type] 
Type bgu.dcr.az.db.ent.User is not enhanced.

------------------------------------------------------------------------------------------------------------------------

[2012-07-31 11:36:58 #1 store] 
Database 'C:\az\azlab.tmp' is opened by 4340@Inka-PC

[2012-07-31 11:36:59 #2 type] 
Type bgu.dcr.az.db.ent.User is not enhanced.

------------------------------------------------------------------------------------------------------------------------

[2012-07-31 11:39:13 #1 store] 
Database 'C:\az\azlab.tmp' is opened by 6908@Inka-PC

[2012-07-31 11:39:13 #2 type] 
Type bgu.dcr.az.db.ent.User is not enhanced.

------------------------------------------------------------------------------------------------------------------------

[2012-07-31 11:55:11 #1 store] 
Database 'C:\az\azlab.tmp' is opened by 8124@Inka-PC

[2012-07-31 11:55:11 #2 type] 
Type bgu.dcr.az.db.ent.User is not enhanced.

------------------------------------------------------------------------------------------------------------------------

[2012-07-31 11:56:34 #1 store] 
Database 'C:\az\azlab.tmp' is opened by 2620@Inka-PC

[2012-07-31 11:56:34 #2 type] 
Type bgu.dcr.az.db.ent.User is not enhanced.

------------------------------------------------------------------------------------------------------------------------

[2012-07-31 11:57:37 #1 store] 
Database 'C:\az\azlab.tmp' is opened by 6332@Inka-PC

[2012-07-31 11:57:37 #2 type] 
Type bgu.dcr.az.db.ent.User is not enhanced.

------------------------------------------------------------------------------------------------------------------------

[2012-07-31 11:58:36 #1 store] 
Database 'C:\az\azlab.tmp' is opened by 7484@Inka-PC

[2012-07-31 11:58:36 #2 type] 
Type bgu.dcr.az.db.ent.User is not enhanced.

------------------------------------------------------------------------------------------------------------------------

[2012-07-31 12:34:15 #1 store] 
Database 'C:\az\azlab.tmp' is opened by 6980@Inka-PC

[2012-07-31 12:34:15 #2 type] 
Type bgu.dcr.az.db.ent.User is not enhanced.

------------------------------------------------------------------------------------------------------------------------

[2012-07-31 12:37:02 #1 store] 
Database 'C:\az\azlab.tmp' is opened by 7724@Inka-PC

[2012-07-31 12:37:02 #2 type] 
Type bgu.dcr.az.db.ent.User is not enhanced.

------------------------------------------------------------------------------------------------------------------------

[2012-07-31 13:23:24 #1 store] 
Database 'C:\az\azlab.tmp' is opened by 9172@Inka-PC

[2012-07-31 13:23:25 #2 type] 
Type bgu.dcr.az.db.ent.Experiment is not enhanced.

[2012-07-31 13:23:25 #3 type] 
Type bgu.dcr.az.db.ent.Comment is not enhanced.

[2012-07-31 13:23:25 #4 type] 
Type bgu.dcr.az.db.ent.User is not enhanced.

------------------------------------------------------------------------------------------------------------------------

[2012-07-31 13:34:45 #1 store] 
Database 'C:\az\azlab.tmp' is opened by 4856@Inka-PC

[2012-07-31 13:34:46 #2 type] 
Type bgu.dcr.az.db.ent.User is not enhanced.

[2012-07-31 13:34:46 #3 type] 
Type bgu.dcr.az.db.ent.Experiment is not enhanced.

[2012-07-31 13:34:46 #4 type] 
Type bgu.dcr.az.db.ent.Comment is not enhanced.

------------------------------------------------------------------------------------------------------------------------

[2012-07-31 13:35:48 #1 store] 
Database 'C:\az\azlab.tmp' is opened by 5640@Inka-PC

[2012-07-31 13:35:48 #2 type] 
Type bgu.dcr.az.db.ent.User is not enhanced.

[2012-07-31 13:35:48 #3 type] 
Type bgu.dcr.az.db.ent.Experiment is not enhanced.

[2012-07-31 13:35:48 #4 type] 
Type bgu.dcr.az.db.ent.Comment is not enhanced.

------------------------------------------------------------------------------------------------------------------------

[2012-07-31 13:37:28 #1 store] 
Database 'C:\az\azlab.tmp' is opened by 7288@Inka-PC

[2012-07-31 13:37:28 #2 type] 
Type bgu.dcr.az.db.ent.User is not enhanced.

[2012-07-31 13:37:28 #3 type] 
Type bgu.dcr.az.db.ent.Experiment is not enhanced.

[2012-07-31 13:37:28 #4 type] 
Type bgu.dcr.az.db.ent.Comment is not enhanced.

------------------------------------------------------------------------------------------------------------------------

[2012-07-31 13:39:24 #1 store] 
Database 'C:\az\azlab.tmp' is opened by 6632@Inka-PC

[2012-07-31 13:39:24 #2 type] 
Type bgu.dcr.az.db.ent.User is not enhanced.

[2012-07-31 13:39:24 #3 type] 
Type bgu.dcr.az.db.ent.Experiment is not enhanced.

[2012-07-31 13:39:24 #4 type] 
Type bgu.dcr.az.db.ent.Comment is not enhanced.

------------------------------------------------------------------------------------------------------------------------

[2012-07-31 13:40:16 #1 store] 
Database 'C:\az\azlab.tmp' is opened by 5000@Inka-PC

[2012-07-31 13:40:16 #2 type] 
Type bgu.dcr.az.db.ent.User is not enhanced.

[2012-07-31 13:40:16 #3 type] 
Type bgu.dcr.az.db.ent.Experiment is not enhanced.

[2012-07-31 13:40:16 #4 type] 
Type bgu.dcr.az.db.ent.Comment is not enhanced.

------------------------------------------------------------------------------------------------------------------------

[2012-07-31 13:40:45 #1 store] 
Database 'C:\az\azlab.tmp' is opened by 8848@Inka-PC

[2012-07-31 13:40:45 #2 type] 
Type bgu.dcr.az.db.ent.User is not enhanced.

[2012-07-31 13:40:45 #3 type] 
Type bgu.dcr.az.db.ent.Experiment is not enhanced.

[2012-07-31 13:40:45 #4 type] 
Type bgu.dcr.az.db.ent.Comment is not enhanced.

------------------------------------------------------------------------------------------------------------------------

[2012-07-31 13:42:33 #1 store] 
Database 'C:\az\azlab.tmp' is opened by 5032@Inka-PC

[2012-07-31 13:42:33 #2 type] 
Type bgu.dcr.az.db.ent.User is not enhanced.

[2012-07-31 13:42:37 #3 type] 
Type bgu.dcr.az.db.ent.Experiment is not enhanced.

[2012-07-31 13:42:37 #4 type] 
Type bgu.dcr.az.db.ent.Comment is not enhanced.

------------------------------------------------------------------------------------------------------------------------

[2012-07-31 13:43:50 #1 store] 
Database 'C:\az\azlab.tmp' is opened by 5780@Inka-PC

[2012-07-31 13:43:50 #2 type] 
Type bgu.dcr.az.db.ent.User is not enhanced.

[2012-07-31 13:43:50 #3 type] 
Type bgu.dcr.az.db.ent.Experiment is not enhanced.

[2012-07-31 13:43:50 #4 type] 
Type bgu.dcr.az.db.ent.Comment is not enhanced.

------------------------------------------------------------------------------------------------------------------------

[2012-07-31 14:07:18 #1 store] 
Database 'C:\az\azlab.tmp' is opened by 6556@Inka-PC

[2012-07-31 14:07:18 #2 type] 
Type bgu.dcr.az.db.ent.User is not enhanced.

[2012-07-31 14:07:18 #3 type] 
Type bgu.dcr.az.db.ent.Experiment is not enhanced.

[2012-07-31 14:07:18 #4 type] 
Type bgu.dcr.az.db.ent.Comment is not enhanced.

------------------------------------------------------------------------------------------------------------------------

[2012-07-31 14:07:59 #1 store] 
Database 'C:\az\azlab.tmp' is opened by 7748@Inka-PC

[2012-07-31 14:07:59 #2 type] 
Type bgu.dcr.az.db.ent.User is not enhanced.

[2012-07-31 14:07:59 #3 type] 
Type bgu.dcr.az.db.ent.Experiment is not enhanced.

[2012-07-31 14:07:59 #4 type] 
Type bgu.dcr.az.db.ent.Comment is not enhanced.

------------------------------------------------------------------------------------------------------------------------

[2012-07-31 14:09:19 #1 store] 
Database 'C:\az\azlab.tmp' is opened by 9144@Inka-PC

[2012-07-31 14:09:19 #2 type] 
Type bgu.dcr.az.db.ent.User is not enhanced.

[2012-07-31 14:09:19 #3 type] 
Type bgu.dcr.az.db.ent.Experiment is not enhanced.

[2012-07-31 14:09:19 #4 type] 
Type bgu.dcr.az.db.ent.Comment is not enhanced.

------------------------------------------------------------------------------------------------------------------------

[2012-07-31 14:27:16 #1 store] 
Database 'C:\az\azlab.tmp' is opened by 8896@Inka-PC

[2012-07-31 14:27:16 #2 type] 
Type bgu.dcr.az.db.ent.User is not enhanced.

[2012-07-31 14:27:16 #3 type] 
Type bgu.dcr.az.db.ent.Experiment is not enhanced.

[2012-07-31 14:27:16 #4 type] 
Type bgu.dcr.az.db.ent.Comment is not enhanced.

------------------------------------------------------------------------------------------------------------------------

[2012-07-31 14:28:06 #1 store] 
Database 'C:\az\azlab.tmp' is opened by 8644@Inka-PC

[2012-07-31 14:28:06 #2 type] 
Type bgu.dcr.az.db.ent.User is not enhanced.

[2012-07-31 14:28:06 #3 type] 
Type bgu.dcr.az.db.ent.Experiment is not enhanced.

[2012-07-31 14:28:06 #4 type] 
Type bgu.dcr.az.db.ent.Comment is not enhanced.

------------------------------------------------------------------------------------------------------------------------

[2012-07-31 14:35:03 #1 store] 
Database 'C:\az\azlab.tmp' is opened by 7232@Inka-PC

[2012-07-31 14:35:03 #2 type] 
Type bgu.dcr.az.db.ent.User is not enhanced.

[2012-07-31 14:35:03 #3 type] 
Type bgu.dcr.az.db.ent.Experiment is not enhanced.

[2012-07-31 14:35:03 #4 type] 
Type bgu.dcr.az.db.ent.Comment is not enhanced.

------------------------------------------------------------------------------------------------------------------------

[2012-07-31 14:35:56 #1 store] 
Database 'C:\az\azlab.tmp' is opened by 5060@Inka-PC

[2012-07-31 14:35:56 #2 type] 
Type bgu.dcr.az.db.ent.User is not enhanced.

[2012-07-31 14:35:56 #3 type] 
Type bgu.dcr.az.db.ent.Experiment is not enhanced.

[2012-07-31 14:35:56 #4 type] 
Type bgu.dcr.az.db.ent.Comment is not enhanced.

------------------------------------------------------------------------------------------------------------------------

[2012-07-31 14:44:32 #1 store] 
Database 'C:\az\azlab.tmp' is opened by 2176@Inka-PC

[2012-07-31 14:44:32 #2 type] 
Type bgu.dcr.az.db.ent.User is not enhanced.

[2012-07-31 14:44:33 #3 type] 
Type bgu.dcr.az.db.ent.Experiment is not enhanced.

[2012-07-31 14:44:33 #4 type] 
Type bgu.dcr.az.db.ent.Comment is not enhanced.

------------------------------------------------------------------------------------------------------------------------

[2012-07-31 15:13:51 #1 store] 
Database 'C:\az\azlab.tmp' is opened by 3108@Inka-PC

[2012-07-31 15:13:51 #2 type] 
Type bgu.dcr.az.db.ent.User is not enhanced.

[2012-07-31 15:13:51 #3 type] 
Type bgu.dcr.az.db.ent.Experiment is not enhanced.

[2012-07-31 15:13:51 #4 type] 
Type bgu.dcr.az.db.ent.Comment is not enhanced.

------------------------------------------------------------------------------------------------------------------------

[2012-07-31 15:35:05 #1 store] 
Database 'C:\az\azlab.tmp' is opened by 2892@Inka-PC

[2012-07-31 15:35:06 #2 type] 
Type bgu.dcr.az.db.ent.User is not enhanced.

[2012-07-31 15:35:06 #3 type] 
Type bgu.dcr.az.db.ent.Experiment is not enhanced.

[2012-07-31 15:35:06 #4 type] 
Type bgu.dcr.az.db.ent.Comment is not enhanced.

------------------------------------------------------------------------------------------------------------------------

[2012-07-31 15:41:35 #1 store] 
Database 'C:\az\azlab.tmp' is opened by 5836@Inka-PC

[2012-07-31 15:41:35 #2 type] 
Type bgu.dcr.az.db.ent.User is not enhanced.

[2012-07-31 15:41:35 #3 type] 
Type bgu.dcr.az.db.ent.Experiment is not enhanced.

[2012-07-31 15:41:35 #4 type] 
Type bgu.dcr.az.db.ent.Comment is not enhanced.

------------------------------------------------------------------------------------------------------------------------

[2012-07-31 15:51:14 #1 store] 
Database 'C:\az\azlab.tmp' is opened by 3108@Inka-PC

[2012-07-31 15:51:14 #2 type] 
Type bgu.dcr.az.db.ent.User is not enhanced.

[2012-07-31 15:51:14 #3 type] 
Type bgu.dcr.az.db.ent.Experiment is not enhanced.

[2012-07-31 15:51:14 #4 type] 
Type bgu.dcr.az.db.ent.Comment is not enhanced.

------------------------------------------------------------------------------------------------------------------------

[2012-07-31 15:52:21 #1 store] 
Database 'C:\az\azlab.tmp' is opened by 468@Inka-PC

[2012-07-31 15:52:21 #2 type] 
Type bgu.dcr.az.db.ent.User is not enhanced.

[2012-07-31 15:52:21 #3 type] 
Type bgu.dcr.az.db.ent.Experiment is not enhanced.

[2012-07-31 15:52:21 #4 type] 
Type bgu.dcr.az.db.ent.Comment is not enhanced.

------------------------------------------------------------------------------------------------------------------------

[2012-07-31 16:03:27 #1 store] 
Database 'C:\az\azlab.tmp' is opened by 5080@Inka-PC

[2012-07-31 16:03:27 #2 type] 
Type bgu.dcr.az.db.ent.User is not enhanced.

[2012-07-31 16:03:27 #3 type] 
Type bgu.dcr.az.db.ent.Experiment is not enhanced.

[2012-07-31 16:03:27 #4 type] 
Type bgu.dcr.az.db.ent.Comment is not enhanced.

------------------------------------------------------------------------------------------------------------------------

[2012-07-31 17:09:58 #1 store] 
Database 'C:\az\azlab.tmp' is opened by 6972@Inka-PC

[2012-07-31 17:09:58 #2 type] 
Type bgu.dcr.az.db.ent.User is not enhanced.

[2012-07-31 17:09:58 #3 type] 
Type bgu.dcr.az.db.ent.Experiment is not enhanced.

[2012-07-31 17:09:58 #4 type] 
Type bgu.dcr.az.db.ent.Comment is not enhanced.

------------------------------------------------------------------------------------------------------------------------

[2012-07-31 17:10:23 #1 store] 
Database 'C:\az\azlab.tmp' is opened by 8900@Inka-PC

[2012-07-31 17:10:23 #2 type] 
Type bgu.dcr.az.db.ent.User is not enhanced.

[2012-07-31 17:10:23 #3 type] 
Type bgu.dcr.az.db.ent.Experiment is not enhanced.

[2012-07-31 17:10:23 #4 type] 
Type bgu.dcr.az.db.ent.Comment is not enhanced.

------------------------------------------------------------------------------------------------------------------------

[2012-07-31 18:55:23 #1 store] 
Database 'C:\az\azlab.tmp' is opened by 5996@Inka-PC

[2012-07-31 18:55:23 #2 type] 
Type bgu.dcr.az.db.ent.User is not enhanced.

[2012-07-31 18:55:23 #3 type] 
Type bgu.dcr.az.db.ent.Experiment is not enhanced.

[2012-07-31 18:55:23 #4 type] 
Type bgu.dcr.az.db.ent.Comment is not enhanced.

------------------------------------------------------------------------------------------------------------------------

[2012-07-31 18:57:26 #1 store] 
Database 'C:\az\azlab.tmp' is opened by 3216@Inka-PC

[2012-07-31 18:57:26 #2 type] 
Type bgu.dcr.az.db.ent.User is not enhanced.

[2012-07-31 18:57:27 #3 type] 
Type bgu.dcr.az.db.ent.Experiment is not enhanced.

[2012-07-31 18:57:27 #4 type] 
Type bgu.dcr.az.db.ent.Comment is not enhanced.

------------------------------------------------------------------------------------------------------------------------

[2012-07-31 18:57:47 #1 store] 
Database 'C:\az\azlab.tmp' is opened by 8148@Inka-PC

[2012-07-31 18:57:47 #2 type] 
Type bgu.dcr.az.db.ent.User is not enhanced.

[2012-07-31 18:57:47 #3 type] 
Type bgu.dcr.az.db.ent.Experiment is not enhanced.

[2012-07-31 18:57:47 #4 type] 
Type bgu.dcr.az.db.ent.Comment is not enhanced.

------------------------------------------------------------------------------------------------------------------------

[2012-07-31 21:54:25 #1 store] 
Database 'C:\az\azlab.tmp' is opened by 8360@Inka-PC

[2012-07-31 21:54:26 #2 type] 
Type bgu.dcr.az.db.ent.User is not enhanced.

[2012-07-31 21:54:26 #3 type] 
Type bgu.dcr.az.db.ent.Experiment is not enhanced.

[2012-07-31 21:54:26 #4 type] 
Type bgu.dcr.az.db.ent.Comment is not enhanced.

------------------------------------------------------------------------------------------------------------------------

[2012-07-31 21:55:50 #1 store] 
Database 'C:\az\azlab.tmp' is opened by 7648@Inka-PC

[2012-07-31 21:55:50 #2 type] 
Type bgu.dcr.az.db.ent.User is not enhanced.

[2012-07-31 21:55:50 #3 type] 
Type bgu.dcr.az.db.ent.Experiment is not enhanced.

[2012-07-31 21:55:50 #4 type] 
Type bgu.dcr.az.db.ent.Comment is not enhanced.

------------------------------------------------------------------------------------------------------------------------

[2012-07-31 21:58:01 #1 store] 
Database 'C:\az\azlab.tmp' is opened by 1788@Inka-PC

[2012-07-31 21:58:01 #2 type] 
Type bgu.dcr.az.db.ent.User is not enhanced.

[2012-07-31 21:58:01 #3 type] 
Type bgu.dcr.az.db.ent.Experiment is not enhanced.

[2012-07-31 21:58:01 #4 type] 
Type bgu.dcr.az.db.ent.Comment is not enhanced.

------------------------------------------------------------------------------------------------------------------------

[2012-07-31 21:58:24 #1 store] 
Database 'C:\az\azlab.tmp' is opened by 8584@Inka-PC

[2012-07-31 21:58:24 #2 type] 
Type bgu.dcr.az.db.ent.User is not enhanced.

[2012-07-31 21:58:24 #3 type] 
Type bgu.dcr.az.db.ent.Experiment is not enhanced.

[2012-07-31 21:58:24 #4 type] 
Type bgu.dcr.az.db.ent.Comment is not enhanced.

------------------------------------------------------------------------------------------------------------------------

[2012-07-31 22:01:16 #1 store] 
Database 'C:\az\azlab.tmp' is opened by 4168@Inka-PC

[2012-07-31 22:01:16 #2 type] 
Type bgu.dcr.az.db.ent.User is not enhanced.

[2012-07-31 22:01:16 #3 type] 
Type bgu.dcr.az.db.ent.Experiment is not enhanced.

[2012-07-31 22:01:16 #4 type] 
Type bgu.dcr.az.db.ent.Comment is not enhanced.

------------------------------------------------------------------------------------------------------------------------

[2012-07-31 22:01:36 #1 store] 
Database 'C:\az\azlab.tmp' is opened by 4716@Inka-PC

[2012-07-31 22:01:36 #2 type] 
Type bgu.dcr.az.db.ent.User is not enhanced.

[2012-07-31 22:01:36 #3 type] 
Type bgu.dcr.az.db.ent.Experiment is not enhanced.

[2012-07-31 22:01:36 #4 type] 
Type bgu.dcr.az.db.ent.Comment is not enhanced.

------------------------------------------------------------------------------------------------------------------------

[2012-07-31 22:06:41 #1 store] 
Database 'C:\az\azlab.tmp' is opened by 7720@Inka-PC

[2012-07-31 22:06:41 #2 type] 
Type bgu.dcr.az.db.ent.User is not enhanced.

[2012-07-31 22:06:41 #3 type] 
Type bgu.dcr.az.db.ent.Experiment is not enhanced.

[2012-07-31 22:06:41 #4 type] 
Type bgu.dcr.az.db.ent.Comment is not enhanced.

------------------------------------------------------------------------------------------------------------------------

[2012-07-31 22:09:23 #1 store] 
Database 'C:\az\azlab.tmp' is opened by 6340@Inka-PC

[2012-07-31 22:09:23 #2 type] 
Type bgu.dcr.az.db.ent.User is not enhanced.

[2012-07-31 22:09:23 #3 type] 
Type bgu.dcr.az.db.ent.Experiment is not enhanced.

[2012-07-31 22:09:23 #4 type] 
Type bgu.dcr.az.db.ent.Comment is not enhanced.

------------------------------------------------------------------------------------------------------------------------

[2012-07-31 22:09:50 #1 store] 
Database 'C:\az\azlab.tmp' is opened by 5400@Inka-PC

[2012-07-31 22:09:50 #2 type] 
Type bgu.dcr.az.db.ent.User is not enhanced.

[2012-07-31 22:09:50 #3 type] 
Type bgu.dcr.az.db.ent.Experiment is not enhanced.

[2012-07-31 22:09:50 #4 type] 
Type bgu.dcr.az.db.ent.Comment is not enhanced.

------------------------------------------------------------------------------------------------------------------------

[2012-07-31 22:10:16 #1 store] 
Database 'C:\az\azlab.tmp' is opened by 3800@Inka-PC

[2012-07-31 22:10:16 #2 type] 
Type bgu.dcr.az.db.ent.User is not enhanced.

[2012-07-31 22:10:16 #3 type] 
Type bgu.dcr.az.db.ent.Experiment is not enhanced.

[2012-07-31 22:10:16 #4 type] 
Type bgu.dcr.az.db.ent.Comment is not enhanced.

------------------------------------------------------------------------------------------------------------------------

[2012-07-31 22:12:15 #1 store] 
Database 'C:\az\azlab.tmp' is opened by 1372@Inka-PC

[2012-07-31 22:12:15 #2 type] 
Type bgu.dcr.az.db.ent.User is not enhanced.

[2012-07-31 22:12:15 #3 type] 
Type bgu.dcr.az.db.ent.Experiment is not enhanced.

[2012-07-31 22:12:15 #4 type] 
Type bgu.dcr.az.db.ent.Comment is not enhanced.

------------------------------------------------------------------------------------------------------------------------

[2012-07-31 22:13:23 #1 store] 
Database 'C:\az\azlab.tmp' is opened by 8860@Inka-PC

[2012-07-31 22:13:23 #2 type] 
Type bgu.dcr.az.db.ent.User is not enhanced.

[2012-07-31 22:13:23 #3 type] 
Type bgu.dcr.az.db.ent.Experiment is not enhanced.

[2012-07-31 22:13:23 #4 type] 
Type bgu.dcr.az.db.ent.Comment is not enhanced.

------------------------------------------------------------------------------------------------------------------------

[2012-07-31 22:14:43 #1 store] 
Database 'C:\az\azlab.tmp' is opened by 2596@Inka-PC

[2012-07-31 22:14:43 #2 type] 
Type bgu.dcr.az.db.ent.User is not enhanced.

[2012-07-31 22:14:43 #3 type] 
Type bgu.dcr.az.db.ent.Experiment is not enhanced.

[2012-07-31 22:14:43 #4 type] 
Type bgu.dcr.az.db.ent.Comment is not enhanced.

------------------------------------------------------------------------------------------------------------------------

[2012-07-31 22:16:08 #1 store] 
Database 'C:\az\azlab.tmp' is opened by 4748@Inka-PC

[2012-07-31 22:16:08 #2 type] 
Type bgu.dcr.az.db.ent.User is not enhanced.

[2012-07-31 22:16:08 #3 type] 
Type bgu.dcr.az.db.ent.Experiment is not enhanced.

[2012-07-31 22:16:08 #4 type] 
Type bgu.dcr.az.db.ent.Comment is not enhanced.

------------------------------------------------------------------------------------------------------------------------

[2012-07-31 22:16:56 #1 store] 
Database 'C:\az\azlab.tmp' is opened by 7656@Inka-PC

[2012-07-31 22:16:56 #2 type] 
Type bgu.dcr.az.db.ent.User is not enhanced.

[2012-07-31 22:16:56 #3 type] 
Type bgu.dcr.az.db.ent.Experiment is not enhanced.

[2012-07-31 22:16:56 #4 type] 
Type bgu.dcr.az.db.ent.Comment is not enhanced.

------------------------------------------------------------------------------------------------------------------------

[2012-07-31 22:17:48 #1 store] 
Database 'C:\az\azlab.tmp' is opened by 5232@Inka-PC

[2012-07-31 22:17:48 #2 type] 
Type bgu.dcr.az.db.ent.User is not enhanced.

[2012-07-31 22:17:48 #3 type] 
Type bgu.dcr.az.db.ent.Experiment is not enhanced.

[2012-07-31 22:17:48 #4 type] 
Type bgu.dcr.az.db.ent.Comment is not enhanced.

------------------------------------------------------------------------------------------------------------------------

[2012-07-31 22:18:56 #1 store] 
Database 'C:\az\azlab.tmp' is opened by 8080@Inka-PC

[2012-07-31 22:18:57 #2 type] 
Type bgu.dcr.az.db.ent.User is not enhanced.

[2012-07-31 22:18:57 #3 type] 
Type bgu.dcr.az.db.ent.Experiment is not enhanced.

[2012-07-31 22:18:57 #4 type] 
Type bgu.dcr.az.db.ent.Comment is not enhanced.

------------------------------------------------------------------------------------------------------------------------

[2012-07-31 22:19:35 #1 store] 
Database 'C:\az\azlab.tmp' is opened by 6640@Inka-PC

[2012-07-31 22:19:35 #2 type] 
Type bgu.dcr.az.db.ent.User is not enhanced.

[2012-07-31 22:19:35 #3 type] 
Type bgu.dcr.az.db.ent.Experiment is not enhanced.

[2012-07-31 22:19:35 #4 type] 
Type bgu.dcr.az.db.ent.Comment is not enhanced.

------------------------------------------------------------------------------------------------------------------------

[2012-07-31 22:22:14 #1 store] 
Database 'C:\az\azlab.tmp' is opened by 8228@Inka-PC

[2012-07-31 22:22:14 #2 type] 
Type bgu.dcr.az.db.ent.User is not enhanced.

[2012-07-31 22:22:14 #3 type] 
Type bgu.dcr.az.db.ent.Experiment is not enhanced.

[2012-07-31 22:22:14 #4 type] 
Type bgu.dcr.az.db.ent.Comment is not enhanced.

------------------------------------------------------------------------------------------------------------------------

[2012-07-31 22:27:10 #1 store] 
Database 'C:\az\azlab.tmp' is opened by 8376@Inka-PC

[2012-07-31 22:27:10 #2 type] 
Type bgu.dcr.az.db.ent.User is not enhanced.

[2012-07-31 22:27:10 #3 type] 
Type bgu.dcr.az.db.ent.Experiment is not enhanced.

[2012-07-31 22:27:10 #4 type] 
Type bgu.dcr.az.db.ent.Comment is not enhanced.

------------------------------------------------------------------------------------------------------------------------

[2012-07-31 22:27:49 #1 store] 
Database 'C:\az\azlab.tmp' is opened by 4176@Inka-PC

[2012-07-31 22:27:50 #2 type] 
Type bgu.dcr.az.db.ent.User is not enhanced.

[2012-07-31 22:27:50 #3 type] 
Type bgu.dcr.az.db.ent.Experiment is not enhanced.

[2012-07-31 22:27:50 #4 type] 
Type bgu.dcr.az.db.ent.Comment is not enhanced.

------------------------------------------------------------------------------------------------------------------------

[2012-07-31 22:43:47 #1 store] 
Database 'C:\az\azlab.tmp' is opened by 3144@Inka-PC

[2012-07-31 22:43:47 #2 type] 
Type bgu.dcr.az.db.ent.User is not enhanced.

[2012-07-31 22:43:47 #3 type] 
Type bgu.dcr.az.db.ent.Experiment is not enhanced.

[2012-07-31 22:43:47 #4 type] 
Type bgu.dcr.az.db.ent.Comment is not enhanced.

------------------------------------------------------------------------------------------------------------------------

[2012-07-31 22:44:25 #1 store] 
Database 'C:\az\azlab.tmp' is opened by 8804@Inka-PC

[2012-07-31 22:44:25 #2 type] 
Type bgu.dcr.az.db.ent.User is not enhanced.

[2012-07-31 22:44:25 #3 type] 
Type bgu.dcr.az.db.ent.Experiment is not enhanced.

[2012-07-31 22:44:25 #4 type] 
Type bgu.dcr.az.db.ent.Comment is not enhanced.

------------------------------------------------------------------------------------------------------------------------

[2012-07-31 22:46:07 #1 store] 
Database 'C:\az\azlab.tmp' is opened by 8272@Inka-PC

[2012-07-31 22:46:08 #2 type] 
Type bgu.dcr.az.db.ent.User is not enhanced.

[2012-07-31 22:46:08 #3 type] 
Type bgu.dcr.az.db.ent.Experiment is not enhanced.

[2012-07-31 22:46:08 #4 type] 
Type bgu.dcr.az.db.ent.Comment is not enhanced.

------------------------------------------------------------------------------------------------------------------------

[2012-07-31 22:47:00 #1 store] 
Database 'C:\az\azlab.tmp' is opened by 4752@Inka-PC

[2012-07-31 22:47:00 #2 type] 
Type bgu.dcr.az.db.ent.User is not enhanced.

[2012-07-31 22:47:00 #3 type] 
Type bgu.dcr.az.db.ent.Experiment is not enhanced.

[2012-07-31 22:47:00 #4 type] 
Type bgu.dcr.az.db.ent.Comment is not enhanced.

------------------------------------------------------------------------------------------------------------------------

[2012-07-31 22:47:30 #1 store] 
Database 'C:\az\azlab.tmp' is opened by 8676@Inka-PC

[2012-07-31 22:47:31 #2 type] 
Type bgu.dcr.az.db.ent.User is not enhanced.

[2012-07-31 22:47:31 #3 type] 
Type bgu.dcr.az.db.ent.Experiment is not enhanced.

[2012-07-31 22:47:31 #4 type] 
Type bgu.dcr.az.db.ent.Comment is not enhanced.

------------------------------------------------------------------------------------------------------------------------

[2012-07-31 22:58:22 #1 store] 
Database 'C:\az\azlab.tmp' is opened by 9204@Inka-PC

[2012-07-31 22:58:22 #2 type] 
Type bgu.dcr.az.db.ent.User is not enhanced.

[2012-07-31 22:58:22 #3 type] 
Type bgu.dcr.az.db.ent.Experiment is not enhanced.

[2012-07-31 22:58:22 #4 type] 
Type bgu.dcr.az.db.ent.Comment is not enhanced.

------------------------------------------------------------------------------------------------------------------------

[2012-07-31 22:59:21 #1 store] 
Database 'C:\az\azlab.tmp' is opened by 7884@Inka-PC

[2012-07-31 22:59:21 #2 type] 
Type bgu.dcr.az.db.ent.User is not enhanced.

[2012-07-31 22:59:21 #3 type] 
Type bgu.dcr.az.db.ent.Experiment is not enhanced.

[2012-07-31 22:59:21 #4 type] 
Type bgu.dcr.az.db.ent.Comment is not enhanced.

------------------------------------------------------------------------------------------------------------------------

[2012-07-31 23:02:52 #1 store] 
Database 'C:\az\azlab.tmp' is opened by 7504@Inka-PC

[2012-07-31 23:02:52 #2 type] 
Type bgu.dcr.az.db.ent.User is not enhanced.

[2012-07-31 23:02:52 #3 type] 
Type bgu.dcr.az.db.ent.Experiment is not enhanced.

[2012-07-31 23:02:52 #4 type] 
Type bgu.dcr.az.db.ent.Comment is not enhanced.

------------------------------------------------------------------------------------------------------------------------

[2012-07-31 23:03:28 #1 store] 
Database 'C:\az\azlab.tmp' is opened by 6900@Inka-PC

[2012-07-31 23:03:28 #2 type] 
Type bgu.dcr.az.db.ent.User is not enhanced.

[2012-07-31 23:03:28 #3 type] 
Type bgu.dcr.az.db.ent.Experiment is not enhanced.

[2012-07-31 23:03:28 #4 type] 
Type bgu.dcr.az.db.ent.Comment is not enhanced.

------------------------------------------------------------------------------------------------------------------------

[2012-07-31 23:04:46 #1 store] 
Database 'C:\az\azlab.tmp' is opened by 6088@Inka-PC

[2012-07-31 23:04:46 #2 type] 
Type bgu.dcr.az.db.ent.User is not enhanced.

[2012-07-31 23:04:46 #3 type] 
Type bgu.dcr.az.db.ent.Experiment is not enhanced.

[2012-07-31 23:04:46 #4 type] 
Type bgu.dcr.az.db.ent.Comment is not enhanced.

------------------------------------------------------------------------------------------------------------------------

[2012-07-31 23:06:02 #1 store] 
Database 'C:\az\azlab.tmp' is opened by 6312@Inka-PC

[2012-07-31 23:06:02 #2 type] 
Type bgu.dcr.az.db.ent.User is not enhanced.

[2012-07-31 23:06:02 #3 type] 
Type bgu.dcr.az.db.ent.Experiment is not enhanced.

[2012-07-31 23:06:02 #4 type] 
Type bgu.dcr.az.db.ent.Comment is not enhanced.

------------------------------------------------------------------------------------------------------------------------

[2012-07-31 23:06:58 #1 store] 
Database 'C:\az\azlab.tmp' is opened by 8964@Inka-PC

[2012-07-31 23:06:58 #2 type] 
Type bgu.dcr.az.db.ent.User is not enhanced.

[2012-07-31 23:06:58 #3 type] 
Type bgu.dcr.az.db.ent.Experiment is not enhanced.

[2012-07-31 23:06:58 #4 type] 
Type bgu.dcr.az.db.ent.Comment is not enhanced.

------------------------------------------------------------------------------------------------------------------------

[2012-07-31 23:07:59 #1 store] 
Database 'C:\az\azlab.tmp' is opened by 8648@Inka-PC

[2012-07-31 23:07:59 #2 type] 
Type bgu.dcr.az.db.ent.User is not enhanced.

[2012-07-31 23:07:59 #3 type] 
Type bgu.dcr.az.db.ent.Experiment is not enhanced.

[2012-07-31 23:07:59 #4 type] 
Type bgu.dcr.az.db.ent.Comment is not enhanced.

------------------------------------------------------------------------------------------------------------------------

[2012-07-31 23:08:27 #1 store] 
Database 'C:\az\azlab.tmp' is opened by 9180@Inka-PC

[2012-07-31 23:08:27 #2 type] 
Type bgu.dcr.az.db.ent.User is not enhanced.

[2012-07-31 23:08:27 #3 type] 
Type bgu.dcr.az.db.ent.Experiment is not enhanced.

[2012-07-31 23:08:27 #4 type] 
Type bgu.dcr.az.db.ent.Comment is not enhanced.

------------------------------------------------------------------------------------------------------------------------

[2012-07-31 23:10:24 #1 store] 
Database 'C:\az\azlab.tmp' is opened by 5772@Inka-PC

[2012-07-31 23:10:24 #2 type] 
Type bgu.dcr.az.db.ent.User is not enhanced.

[2012-07-31 23:10:24 #3 type] 
Type bgu.dcr.az.db.ent.Experiment is not enhanced.

[2012-07-31 23:10:24 #4 type] 
Type bgu.dcr.az.db.ent.Comment is not enhanced.

------------------------------------------------------------------------------------------------------------------------

[2012-07-31 23:11:22 #1 store] 
Database 'C:\az\azlab.tmp' is opened by 9084@Inka-PC

[2012-07-31 23:11:22 #2 type] 
Type bgu.dcr.az.db.ent.User is not enhanced.

[2012-07-31 23:11:22 #3 type] 
Type bgu.dcr.az.db.ent.Experiment is not enhanced.

[2012-07-31 23:11:22 #4 type] 
Type bgu.dcr.az.db.ent.Comment is not enhanced.

------------------------------------------------------------------------------------------------------------------------

[2012-07-31 23:17:40 #1 store] 
Database 'C:\az\azlab.tmp' is opened by 4176@Inka-PC

[2012-07-31 23:17:40 #2 type] 
Type bgu.dcr.az.db.ent.User is not enhanced.

[2012-07-31 23:17:40 #3 type] 
Type bgu.dcr.az.db.ent.Experiment is not enhanced.

[2012-07-31 23:17:40 #4 type] 
Type bgu.dcr.az.db.ent.Comment is not enhanced.

------------------------------------------------------------------------------------------------------------------------

[2012-07-31 23:17:52 #1 store] 
Database 'C:\az\azlab.tmp' is opened by 7072@Inka-PC

[2012-07-31 23:17:52 #2 type] 
Type bgu.dcr.az.db.ent.User is not enhanced.

[2012-07-31 23:17:52 #3 type] 
Type bgu.dcr.az.db.ent.Experiment is not enhanced.

[2012-07-31 23:17:52 #4 type] 
Type bgu.dcr.az.db.ent.Comment is not enhanced.

------------------------------------------------------------------------------------------------------------------------

[2012-07-31 23:18:14 #1 store] 
Database 'C:\az\azlab.tmp' is opened by 7012@Inka-PC

[2012-07-31 23:18:14 #2 type] 
Type bgu.dcr.az.db.ent.User is not enhanced.

[2012-07-31 23:18:14 #3 type] 
Type bgu.dcr.az.db.ent.Experiment is not enhanced.

[2012-07-31 23:18:14 #4 type] 
Type bgu.dcr.az.db.ent.Comment is not enhanced.

------------------------------------------------------------------------------------------------------------------------

[2012-07-31 23:19:59 #1 store] 
Database 'C:\az\azlab.tmp' is opened by 5744@Inka-PC

[2012-07-31 23:19:59 #2 type] 
Type bgu.dcr.az.db.ent.User is not enhanced.

[2012-07-31 23:19:59 #3 type] 
Type bgu.dcr.az.db.ent.Experiment is not enhanced.

[2012-07-31 23:19:59 #4 type] 
Type bgu.dcr.az.db.ent.Comment is not enhanced.

------------------------------------------------------------------------------------------------------------------------

[2012-07-31 23:21:12 #1 store] 
Database 'C:\az\azlab.tmp' is opened by 6880@Inka-PC

[2012-07-31 23:21:12 #2 type] 
Type bgu.dcr.az.db.ent.User is not enhanced.

[2012-07-31 23:21:12 #3 type] 
Type bgu.dcr.az.db.ent.Experiment is not enhanced.

[2012-07-31 23:21:12 #4 type] 
Type bgu.dcr.az.db.ent.Comment is not enhanced.

------------------------------------------------------------------------------------------------------------------------

[2012-07-31 23:23:32 #1 store] 
Database 'C:\az\azlab.tmp' is opened by 5080@Inka-PC

[2012-07-31 23:23:32 #2 type] 
Type bgu.dcr.az.db.ent.User is not enhanced.

[2012-07-31 23:23:32 #3 type] 
Type bgu.dcr.az.db.ent.Experiment is not enhanced.

[2012-07-31 23:23:32 #4 type] 
Type bgu.dcr.az.db.ent.Comment is not enhanced.

------------------------------------------------------------------------------------------------------------------------

[2012-07-31 23:25:12 #1 store] 
Database 'C:\az\azlab.tmp' is opened by 2380@Inka-PC

[2012-07-31 23:25:13 #2 type] 
Type bgu.dcr.az.db.ent.User is not enhanced.

[2012-07-31 23:25:13 #3 type] 
Type bgu.dcr.az.db.ent.Experiment is not enhanced.

[2012-07-31 23:25:13 #4 type] 
Type bgu.dcr.az.db.ent.Comment is not enhanced.

------------------------------------------------------------------------------------------------------------------------

[2012-07-31 23:25:47 #1 store] 
Database 'C:\az\azlab.tmp' is opened by 2068@Inka-PC

[2012-07-31 23:25:47 #2 type] 
Type bgu.dcr.az.db.ent.User is not enhanced.

[2012-07-31 23:25:47 #3 type] 
Type bgu.dcr.az.db.ent.Experiment is not enhanced.

[2012-07-31 23:25:47 #4 type] 
Type bgu.dcr.az.db.ent.Comment is not enhanced.

