#
# A fatal error has been detected by the Java Runtime Environment:
#
#  EXCEPTION_ACCESS_VIOLATION (0xc0000005) at pc=0x656f0c69, pid=7908, tid=80
#
# JRE version: Java(TM) SE Runtime Environment (7.0_45-b18) (build 1.7.0_45-b18)
# Java VM: Java HotSpot(TM) Client VM (24.45-b08 mixed mode windows-x86 )
# Problematic frame:
# V  [jvm.dll+0x270c69]
#
# Failed to write core dump. Minidumps are not enabled by default on client versions of Windows
#
# If you would like to submit a bug report, please visit:
#   http://bugreport.sun.com/bugreport/crash.jsp
#

---------------  T H R E A D  ---------------

Current thread (0x04bab400):  JavaThread "C1 CompilerThread0" daemon [_thread_in_native, id=80, stack(0x054b0000,0x05500000)]

siginfo: ExceptionCode=0xc0000005, reading address 0x00000038

Registers:
EAX=0x00000000, EBX=0x054fee08, ECX=0x054fee08, EDX=0x656e56d0
ESP=0x054fed88, EBP=0x054fed94, ESI=0xffffffff, EDI=0x04bb1fe8
EIP=0x656f0c69, EFLAGS=0x00010296

Top of Stack: (sp=0x054fed88)
0x054fed88:   00000000 054fee08 04bb1e80 054fedb0
0x054fed98:   656f0c63 054fede4 00000000 00000000
0x054feda8:   054fee08 04bb25f0 054fedcc 656f0c96
0x054fedb8:   054fede4 04bb2570 00000003 00000000
0x054fedc8:   04bb25f0 054fedec 656f11ab 054fede4
0x054fedd8:   04bb2750 ffffffff 04bb25f0 00000003
0x054fede8:   04bb2828 054fee10 656e57a0 054fee08
0x054fedf8:   054feed0 00000000 054feed0 054feeb4 

Instructions: (pc=0x656f0c69)
0x656f0c49:   8d a4 24 00 00 00 00 8b 4d 08 8b 97 90 00 00 00
0x656f0c59:   53 51 8b 0c b2 e8 ad ff ff ff 4e 79 ea 8b 45 0c
0x656f0c69:   8b 40 38 85 c0 74 04 8b 00 eb 02 33 c0 8d 70 ff
0x656f0c79:   85 f6 78 1c 8d 49 00 8b 55 0c 8b 4d 08 8b 42 38 


Register to memory mapping:

EAX=0x00000000 is an unknown value
EBX=0x054fee08 is pointing into the stack for thread: 0x04bab400
ECX=0x054fee08 is pointing into the stack for thread: 0x04bab400
EDX=0x656e56d0 is an unknown value
ESP=0x054fed88 is pointing into the stack for thread: 0x04bab400
EBP=0x054fed94 is pointing into the stack for thread: 0x04bab400
ESI=0xffffffff is an unknown value
EDI=0x04bb1fe8 is an unknown value


Stack: [0x054b0000,0x05500000],  sp=0x054fed88,  free space=315k
Native frames: (J=compiled Java code, j=interpreted, Vv=VM code, C=native code)
V  [jvm.dll+0x270c69]
V  [jvm.dll+0x270c63]
V  [jvm.dll+0x270c96]
V  [jvm.dll+0x2711ab]
V  [jvm.dll+0x2657a0]
V  [jvm.dll+0x26f33d]
V  [jvm.dll+0x272d7d]
V  [jvm.dll+0x272ecb]
V  [jvm.dll+0x261452]
V  [jvm.dll+0x261c5b]
V  [jvm.dll+0x261daa]
V  [jvm.dll+0x261f0c]
V  [jvm.dll+0x2621a6]
V  [jvm.dll+0x5ed19]
V  [jvm.dll+0x5f31d]
V  [jvm.dll+0x16042c]
V  [jvm.dll+0x160e67]
V  [jvm.dll+0x1a49f9]
C  [msvcr100.dll+0x5c556]
C  [msvcr100.dll+0x5c600]
C  [KERNEL32.DLL+0x2850d]
C  [ntdll.dll+0x5bf39]
C  [ntdll.dll+0x5bf0c]


Current CompileTask:
C1:   3295  129   !         java.lang.ref.Reference::get (30 bytes)


---------------  P R O C E S S  ---------------

Java Threads: ( => current thread )
  0x04bac000 JavaThread "Service Thread" daemon [_thread_blocked, id=4292, stack(0x05540000,0x05590000)]
=>0x04bab400 JavaThread "C1 CompilerThread0" daemon [_thread_in_native, id=80, stack(0x054b0000,0x05500000)]
  0x04b3ac00 JavaThread "*** Profiler Agent Special Execution Thread 6" daemon [_thread_blocked, id=4980, stack(0x051a0000,0x051f0000)]
  0x04b1f800 JavaThread "*** JFluid Monitor thread ***" daemon [_thread_blocked, id=6044, stack(0x05110000,0x05160000)]
  0x04aa3c00 JavaThread "*** Profiler Agent Communication Thread" daemon [_thread_in_native, id=7216, stack(0x04da0000,0x04df0000)]
  0x04a48c00 JavaThread "Attach Listener" daemon [_thread_blocked, id=8808, stack(0x04d10000,0x04d60000)]
  0x04a47000 JavaThread "Signal Dispatcher" daemon [_thread_blocked, id=8440, stack(0x04c80000,0x04cd0000)]
  0x0277c800 JavaThread "Finalizer" daemon [_thread_blocked, id=8932, stack(0x049f0000,0x04a40000)]
  0x02774000 JavaThread "Reference Handler" daemon [_thread_blocked, id=7804, stack(0x04960000,0x049b0000)]
  0x00b9c800 JavaThread "main" [_thread_in_vm, id=8640, stack(0x00d00000,0x00d50000)]

Other Threads:
  0x02771000 VMThread [stack: 0x048d0000,0x04920000] [id=6356]
  0x04bb6c00 WatcherThread [stack: 0x05420000,0x05470000] [id=8600]

VM state:not at safepoint (normal execution)

VM Mutex/Monitor currently owned by a thread: None

Heap
 def new generation   total 4928K, used 3548K [0x10010000, 0x10560000, 0x15560000)
  eden space 4416K,  68% used [0x10010000, 0x10307340, 0x10460000)
  from space 512K, 100% used [0x10460000, 0x104e0000, 0x104e0000)
  to   space 512K,   0% used [0x104e0000, 0x104e0000, 0x10560000)
 tenured generation   total 10944K, used 2831K [0x15560000, 0x16010000, 0x20010000)
   the space 10944K,  25% used [0x15560000, 0x15823e50, 0x15824000, 0x16010000)
 compacting perm gen  total 14848K, used 14780K [0x20010000, 0x20e90000, 0x24010000)
   the space 14848K,  99% used [0x20010000, 0x20e7f0d8, 0x20e7f200, 0x20e90000)
No shared spaces configured.

Card table byte_map: [0x04780000,0x04830000] byte_map_base: 0x046fff80

Polling page: 0x00c20000

Code Cache  [0x02780000, 0x02848000, 0x04780000)
 total_blobs=268 nmethods=108 adapters=97 free_code_cache=31989Kb largest_free_block=32749696

Compilation events (10 events):
Event: 3.144 Thread 0x04bab400 nmethod 123 0x02843748 code [0x02843890, 0x02843a8c]
Event: 3.148 Thread 0x04bab400  124             java.lang.ThreadLocal$ThreadLocalMap::getEntry (42 bytes)
Event: 3.148 Thread 0x04bab400 nmethod 124 0x02843e48 code [0x02843f50, 0x0284403c]
Event: 3.151 Thread 0x04bab400  125             java.io.ObjectInputStream$BlockDataInputStream::read (138 bytes)
Event: 3.152 Thread 0x04bab400 nmethod 125 0x02844148 code [0x028442a0, 0x028445b4]
Event: 3.198 Thread 0x04bab400  126   !         sun.reflect.GeneratedMethodAccessor1::invoke (65 bytes)
Event: 3.200 Thread 0x04bab400 nmethod 126 0x0281cb48 code [0x0281cca0, 0x0281cfc8]
Event: 3.229 Thread 0x04bab400  127             java.io.Bits::putInt (36 bytes)
Event: 3.229 Thread 0x04bab400 nmethod 127 0x0281c5c8 code [0x0281c6c0, 0x0281c7b0]
Event: 3.287 Thread 0x04bab400  129   !         java.lang.ref.Reference::get (30 bytes)

GC Heap History (4 events):
Event: 1.578 GC heap before
{Heap before GC invocations=0 (full 0):
 def new generation   total 4928K, used 4416K [0x10010000, 0x10560000, 0x15560000)
  eden space 4416K, 100% used [0x10010000, 0x10460000, 0x10460000)
  from space 512K,   0% used [0x10460000, 0x10460000, 0x104e0000)
  to   space 512K,   0% used [0x104e0000, 0x104e0000, 0x10560000)
 tenured generation   total 10944K, used 0K [0x15560000, 0x16010000, 0x20010000)
   the space 10944K,   0% used [0x15560000, 0x15560000, 0x15560200, 0x16010000)
 compacting perm gen  total 12288K, used 4016K [0x20010000, 0x20c10000, 0x24010000)
   the space 12288K,  32% used [0x20010000, 0x203fc170, 0x203fc200, 0x20c10000)
No shared spaces configured.
Event: 1.585 GC heap after
Heap after GC invocations=1 (full 0):
 def new generation   total 4928K, used 512K [0x10010000, 0x10560000, 0x15560000)
  eden space 4416K,   0% used [0x10010000, 0x10010000, 0x10460000)
  from space 512K, 100% used [0x104e0000, 0x10560000, 0x10560000)
  to   space 512K,   0% used [0x10460000, 0x10460000, 0x104e0000)
 tenured generation   total 10944K, used 1964K [0x15560000, 0x16010000, 0x20010000)
   the space 10944K,  17% used [0x15560000, 0x1574b278, 0x1574b400, 0x16010000)
 compacting perm gen  total 12288K, used 4016K [0x20010000, 0x20c10000, 0x24010000)
   the space 12288K,  32% used [0x20010000, 0x203fc170, 0x203fc200, 0x20c10000)
No shared spaces configured.
}
Event: 2.210 GC heap before
{Heap before GC invocations=1 (full 0):
 def new generation   total 4928K, used 4928K [0x10010000, 0x10560000, 0x15560000)
  eden space 4416K, 100% used [0x10010000, 0x10460000, 0x10460000)
  from space 512K, 100% used [0x104e0000, 0x10560000, 0x10560000)
  to   space 512K,   0% used [0x10460000, 0x10460000, 0x104e0000)
 tenured generation   total 10944K, used 1964K [0x15560000, 0x16010000, 0x20010000)
   the space 10944K,  17% used [0x15560000, 0x1574b278, 0x1574b400, 0x16010000)
 compacting perm gen  total 12288K, used 9324K [0x20010000, 0x20c10000, 0x24010000)
   the space 12288K,  75% used [0x20010000, 0x2092b1c8, 0x2092b200, 0x20c10000)
No shared spaces configured.
Event: 2.216 GC heap after
Heap after GC invocations=2 (full 0):
 def new generation   total 4928K, used 512K [0x10010000, 0x10560000, 0x15560000)
  eden space 4416K,   0% used [0x10010000, 0x10010000, 0x10460000)
  from space 512K, 100% used [0x10460000, 0x104e0000, 0x104e0000)
  to   space 512K,   0% used [0x104e0000, 0x104e0000, 0x10560000)
 tenured generation   total 10944K, used 2831K [0x15560000, 0x16010000, 0x20010000)
   the space 10944K,  25% used [0x15560000, 0x15823e50, 0x15824000, 0x16010000)
 compacting perm gen  total 12288K, used 9324K [0x20010000, 0x20c10000, 0x24010000)
   the space 12288K,  75% used [0x20010000, 0x2092b1c8, 0x2092b200, 0x20c10000)
No shared spaces configured.
}

Deoptimization events (0 events):
No events

Internal exceptions (10 events):
Event: 2.763 Thread 0x00b9c800 Threw 0x101d60d0 at C:\re\jdk7u45\229\hotspot\src\share\vm\prims\jvm.cpp:1244
Event: 2.778 Thread 0x00b9c800 Threw 0x101da738 at C:\re\jdk7u45\229\hotspot\src\share\vm\prims\jvm.cpp:1244
Event: 2.779 Thread 0x00b9c800 Threw 0x101dc708 at C:\re\jdk7u45\229\hotspot\src\share\vm\prims\jvm.cpp:1244
Event: 2.788 Thread 0x00b9c800 Threw 0x101dc958 at C:\re\jdk7u45\229\hotspot\src\share\vm\classfile\systemDictionary.cpp:174
Event: 2.820 Thread 0x00b9c800 Threw 0x101f43f0 at C:\re\jdk7u45\229\hotspot\src\share\vm\prims\jvm.cpp:1244
Event: 2.821 Thread 0x00b9c800 Threw 0x101f6048 at C:\re\jdk7u45\229\hotspot\src\share\vm\prims\jvm.cpp:1244
Event: 2.821 Thread 0x00b9c800 Threw 0x101f8298 at C:\re\jdk7u45\229\hotspot\src\share\vm\prims\jvm.cpp:1244
Event: 2.822 Thread 0x00b9c800 Threw 0x101f8420 at C:\re\jdk7u45\229\hotspot\src\share\vm\classfile\systemDictionary.cpp:174
Event: 2.822 Thread 0x00b9c800 Threw 0x101f8420 at C:\re\jdk7u45\229\hotspot\src\share\vm\prims\jvm.cpp:1248
Event: 2.826 Thread 0x00b9c800 Threw 0x101f8b30 at C:\re\jdk7u45\229\hotspot\src\share\vm\prims\jvm.cpp:1244

Events (10 events):
Event: 3.276 Executing VM operation: RedefineClasses
Event: 3.278 Executing VM operation: RedefineClasses done
Event: 3.278 loading class 0x04c33970
Event: 3.279 loading class 0x04c33970 done
Event: 3.281 Executing VM operation: RedefineClasses
Event: 3.283 Executing VM operation: RedefineClasses done
Event: 3.283 loading class 0x04c33b10
Event: 3.283 loading class 0x04c33b10 done
Event: 3.285 Executing VM operation: RedefineClasses
Event: 3.287 Executing VM operation: RedefineClasses done


Dynamic libraries:
0x00270000 - 0x0029f000 	C:\Program Files (x86)\Java\jdk1.7.0_45\jre\bin\java.exe
0x77e80000 - 0x77fd7000 	C:\Windows\SYSTEM32\ntdll.dll
0x75bc0000 - 0x75cf0000 	C:\Windows\SYSTEM32\KERNEL32.DLL
0x773f0000 - 0x77496000 	C:\Windows\SYSTEM32\KERNELBASE.dll
0x736d0000 - 0x73777000 	C:\Windows\system32\apphelp.dll
0x774a0000 - 0x7754e000 	C:\Windows\SYSTEM32\ADVAPI32.dll
0x775c0000 - 0x776d6000 	C:\Windows\SYSTEM32\USER32.dll
0x74100000 - 0x742f8000 	C:\Windows\WinSxS\x86_microsoft.windows.common-controls_6595b64144ccf1df_6.0.9200.16579_none_8937eec6860750f5\COMCTL32.dll
0x77d00000 - 0x77db1000 	C:\Windows\SYSTEM32\msvcrt.dll
0x76e70000 - 0x76ea4000 	C:\Windows\SYSTEM32\sechost.dll
0x75720000 - 0x757cc000 	C:\Windows\SYSTEM32\RPCRT4.dll
0x77bc0000 - 0x77cbd000 	C:\Windows\SYSTEM32\GDI32.dll
0x754b0000 - 0x754cc000 	C:\Windows\SYSTEM32\SspiCli.dll
0x754a0000 - 0x754a9000 	C:\Windows\SYSTEM32\CRYPTBASE.dll
0x75440000 - 0x75491000 	C:\Windows\SYSTEM32\bcryptPrimitives.dll
0x75ba0000 - 0x75bc0000 	C:\Windows\system32\IMM32.DLL
0x771e0000 - 0x772be000 	C:\Windows\SYSTEM32\MSCTF.dll
0x69990000 - 0x69a4f000 	C:\Program Files (x86)\Java\jdk1.7.0_45\jre\bin\msvcr100.dll
0x65480000 - 0x65800000 	C:\Program Files (x86)\Java\jdk1.7.0_45\jre\bin\client\jvm.dll
0x74f30000 - 0x74f38000 	C:\Windows\SYSTEM32\WSOCK32.dll
0x74f00000 - 0x74f21000 	C:\Windows\SYSTEM32\WINMM.dll
0x76fd0000 - 0x76fd6000 	C:\Windows\SYSTEM32\PSAPI.DLL
0x75cf0000 - 0x75d40000 	C:\Windows\SYSTEM32\WS2_32.dll
0x74ed0000 - 0x74efb000 	C:\Windows\SYSTEM32\WINMMBASE.dll
0x75610000 - 0x75618000 	C:\Windows\SYSTEM32\NSI.dll
0x756b0000 - 0x756f6000 	C:\Windows\SYSTEM32\cfgmgr32.dll
0x754d0000 - 0x754ee000 	C:\Windows\SYSTEM32\DEVOBJ.dll
0x72dc0000 - 0x72dcc000 	C:\Program Files (x86)\Java\jdk1.7.0_45\jre\bin\verify.dll
0x6f450000 - 0x6f470000 	C:\Program Files (x86)\Java\jdk1.7.0_45\jre\bin\java.dll
0x10000000 - 0x1000b000 	C:\Program Files (x86)\NetBeans 7.4\profiler\lib\deployed\jdk16\windows\profilerinterface.dll
0x6c3d0000 - 0x6c3e3000 	C:\Program Files (x86)\Java\jdk1.7.0_45\jre\bin\zip.dll
0x6c3b0000 - 0x6c3c4000 	C:\Program Files (x86)\Java\jdk1.7.0_45\jre\bin\net.dll
0x74d50000 - 0x74d9a000 	C:\Windows\system32\mswsock.dll
0x6f440000 - 0x6f44f000 	C:\Program Files (x86)\Java\jdk1.7.0_45\jre\bin\nio.dll
0x6ef30000 - 0x6ef3a000 	C:\Program Files (x86)\Java\jdk1.7.0_45\jre\bin\management.dll
0x74930000 - 0x7494a000 	C:\Windows\SYSTEM32\CRYPTSP.dll
0x748f0000 - 0x7492e000 	C:\Windows\system32\rsaenh.dll
0x74dd0000 - 0x74deb000 	C:\Windows\SYSTEM32\USERENV.dll
0x74e30000 - 0x74e41000 	C:\Windows\SYSTEM32\profapi.dll
0x72f30000 - 0x72f40000 	C:\Windows\system32\napinsp.dll
0x72de0000 - 0x72df4000 	C:\Windows\system32\pnrpnsp.dll
0x73f00000 - 0x73f10000 	C:\Windows\system32\NLAapi.dll
0x745b0000 - 0x74625000 	C:\Windows\SYSTEM32\DNSAPI.dll
0x72dd0000 - 0x72dd9000 	C:\Windows\System32\winrnr.dll
0x6f220000 - 0x6f230000 	C:\Windows\system32\wshbth.dll
0x74580000 - 0x745a1000 	C:\Program Files (x86)\Bonjour\mdnsNSP.dll
0x749c0000 - 0x749e0000 	C:\Windows\SYSTEM32\Iphlpapi.DLL
0x747a0000 - 0x747a8000 	C:\Windows\SYSTEM32\WINNSI.DLL
0x74570000 - 0x74577000 	C:\Windows\System32\rasadhlp.dll
0x74530000 - 0x7456f000 	C:\Windows\System32\fwpuclnt.dll
0x711e0000 - 0x71309000 	C:\Windows\SYSTEM32\dbghelp.dll

VM Arguments:
jvm_args: -Dfile.encoding=UTF-8 -agentpath:C:/Program Files (x86)/NetBeans 7.4/profiler/lib/deployed/jdk16/windows/profilerinterface.dll=C:\Program Files (x86)\NetBeans 7.4\profiler\lib,5140,10 -XX:+HeapDumpOnOutOfMemoryError -XX:HeapDumpPath=C:\Users\User\Desktop\Projects\AgentZero\trunk\AZAlgorithmsPackage\nbproject\private\profiler 
java_command: bgu.dcr.az.algos.tests.Test
Launcher Type: SUN_STANDARD

Environment Variables:
PATH=c:\Program Files (x86)\AMD APP\bin\x86_64;c:\Program Files (x86)\AMD APP\bin\x86;c:\Program Files (x86)\Intel\iCLS Client\;c:\Program Files\Intel\iCLS Client\;C:\Windows\system32;C:\Windows;C:\Windows\System32\Wbem;C:\Windows\System32\WindowsPowerShell\v1.0\;C:\Program Files\Intel\Intel(R) Management Engine Components\DAL;C:\Program Files\Intel\Intel(R) Management Engine Components\IPT;C:\Program Files (x86)\Intel\Intel(R) Management Engine Components\DAL;C:\Program Files (x86)\Intel\Intel(R) Management Engine Components\IPT;c:\Program Files (x86)\ATI Technologies\ATI.ACE\Core-Static;C:\Program Files (x86)\Windows Live\Shared;C:\Program Files\Intel\WiFi\bin\;C:\Program Files\Common Files\Intel\WirelessCommon\;C:\Program Files\TortoiseSVN\bin;C:\Program Files\MiKTeX 2.9\miktex\bin\x64\
USERNAME=User
OS=Windows_NT
PROCESSOR_IDENTIFIER=Intel64 Family 6 Model 58 Stepping 9, GenuineIntel



---------------  S Y S T E M  ---------------

OS: Windows 8 , 64 bit Build 9200 

CPU:total 8 (4 cores per cpu, 2 threads per core) family 6 model 58 stepping 9, cmov, cx8, fxsr, mmx, sse, sse2, sse3, ssse3, sse4.1, sse4.2, popcnt, avx, aes, erms, ht, tsc, tscinvbit, tscinv

Memory: 4k page, physical 16643348k(11365536k free), swap 19002644k(12606508k free)

vm_info: Java HotSpot(TM) Client VM (24.45-b08) for windows-x86 JRE (1.7.0_45-b18), built on Oct  8 2013 06:02:43 by "java_re" with unknown MS VC++:1600

time: Sat Jan 25 14:56:36 2014
elapsed time: 3 seconds

